Started at Mon Jul 25 19:13:47 WITA 2022
Processing landing-page project
Offering landing-page project to Project Build Discarder
Processing ukku project
Offering ukku project to Project Build Discarder
Finished at Mon Jul 25 19:13:47 WITA 2022. 4ms
Started at Mon Jul 25 20:13:47 WITA 2022
Processing landing-page project
Offering landing-page project to Project Build Discarder
Processing ukku project
Offering ukku project to Project Build Discarder
Finished at Mon Jul 25 20:13:47 WITA 2022. 1ms
Started at Mon Jul 25 21:13:47 WITA 2022
Processing landing-page project
Offering landing-page project to Project Build Discarder
Processing ukku project
Offering ukku project to Project Build Discarder
Finished at Mon Jul 25 21:13:47 WITA 2022. 1ms
Started at Mon Jul 25 22:13:47 WITA 2022
Processing landing-page project
Offering landing-page project to Project Build Discarder
Processing ukku project
Offering ukku project to Project Build Discarder
Finished at Mon Jul 25 22:13:47 WITA 2022. 1ms
Started at Mon Jul 25 23:13:47 WITA 2022
Processing cilsy-test
Offering cilsy-test to Project Build Discarder
Finished at Mon Jul 25 23:13:47 WITA 2022. 0ms
Started at Tue Jul 26 00:13:47 WITA 2022
Processing cilsy-test
Offering cilsy-test to Project Build Discarder
Finished at Tue Jul 26 00:13:47 WITA 2022. 1ms
